<?xml version="1.0" encoding="UTF-8"?>
<!-- Generated by org.testng.reporters.JUnitXMLReporter -->
<testsuite hostname="DESKTOP-FGN9CRI" ignored="3" name="Test-Runner-firefox" tests="2" failures="2" timestamp="2022-03-06T22:28:48 IST" time="96.275" errors="0">
  <testcase name="createOrgTest" time="40.306" classname="com.crm.OrganizationTests.CreateOrgTest">
    <failure type="java.lang.AssertionError" message="expected [true] but found [false]">
      <![CDATA[java.lang.AssertionError: expected [true] but found [false]
at com.crm.OrganizationTests.CreateOrgTest.createOrgTest(CreateOrgTest.java:58)
at java.util.ArrayList.forEach(Unknown Source)
at java.util.concurrent.FutureTask.run(Unknown Source)
at java.util.concurrent.ThreadPoolExecutor.runWorker(Unknown Source)
at java.util.concurrent.ThreadPoolExecutor$Worker.run(Unknown Source)
at java.lang.Thread.run(Unknown Source)
... Removed 22 stack frames]]>
    </failure>
  </testcase> <!-- createOrgTest -->
  <testcase name="createOrgwithIndustryTypeTest" time="13.815" classname="com.crm.OrganizationTests.CreateOrgwithIndustryTypeTest">
    <failure type="java.lang.AssertionError" message="null">
      <![CDATA[java.lang.AssertionError: null
at com.crm.OrganizationTests.CreateOrgwithIndustryTypeTest.createOrgwithIndustryTypeTest(CreateOrgwithIndustryTypeTest.java:48)
at java.util.ArrayList.forEach(Unknown Source)
at java.util.concurrent.FutureTask.run(Unknown Source)
at java.util.concurrent.ThreadPoolExecutor.runWorker(Unknown Source)
at java.util.concurrent.ThreadPoolExecutor$Worker.run(Unknown Source)
at java.lang.Thread.run(Unknown Source)
... Removed 20 stack frames]]>
    </failure>
  </testcase> <!-- createOrgwithIndustryTypeTest -->
  <testcase name="@AfterSuite closeDB" time="0.0" classname="com.crm.GenericLibrary.BaseClass">
    <ignored/>
  </testcase> <!-- @AfterSuite closeDB -->
  <testcase name="@AfterTest closeTheBrowser" time="0.0" classname="com.crm.GenericLibrary.BaseClass">
    <ignored/>
  </testcase> <!-- @AfterTest closeTheBrowser -->
  <testcase name="@BeforeSuite connectDataBase" time="0.0" classname="com.crm.GenericLibrary.BaseClass">
    <ignored/>
  </testcase> <!-- @BeforeSuite connectDataBase -->
</testsuite> <!-- Test-Runner-firefox -->
