<?xml version="1.0" encoding="UTF-8"?>
<!-- Generated by org.testng.reporters.JUnitReportReporter -->
<testsuite skipped="0" hostname="DESKTOP-FGN9CRI" name="com.crm.PRACTICE.WriteDataIntoExcelSheetTest" tests="1" failures="0" timestamp="2022-02-17T16:48:11 IST" time="1.066" errors="0">
  <testcase name="writeDataIntoExcelSheet" time="1.066" classname="com.crm.PRACTICE.WriteDataIntoExcelSheetTest"/>
  <system-out/>
</testsuite> <!-- com.crm.PRACTICE.WriteDataIntoExcelSheetTest -->
