<?xml version="1.0" encoding="UTF-8"?>
<!-- Generated by org.testng.reporters.JUnitReportReporter -->
<testsuite skipped="0" hostname="DESKTOP-FGN9CRI" name="com.crm.PRACTICE.DataProviderPractice1" tests="6" failures="0" timestamp="2022-02-28T16:21:18 IST" time="0.000" errors="0">
  <testcase name="DataProvider" time="0.000" classname="com.crm.PRACTICE.DataProviderPractice1"/>
  <system-out/>
  <testcase name="DataProvider" time="0.000" classname="com.crm.PRACTICE.DataProviderPractice1"/>
  <system-out/>
  <testcase name="DataProvider" time="0.000" classname="com.crm.PRACTICE.DataProviderPractice1"/>
  <system-out/>
  <testcase name="DataProvider" time="0.000" classname="com.crm.PRACTICE.DataProviderPractice1"/>
  <system-out/>
  <testcase name="DataProvider" time="0.000" classname="com.crm.PRACTICE.DataProviderPractice1"/>
  <system-out/>
  <testcase name="DataProvider" time="0.000" classname="com.crm.PRACTICE.DataProviderPractice1"/>
  <system-out/>
</testsuite> <!-- com.crm.PRACTICE.DataProviderPractice1 -->
