<?xml version="1.0" encoding="UTF-8"?>
<!-- Generated by org.testng.reporters.JUnitReportReporter -->
<testsuite skipped="0" hostname="DESKTOP-FGN9CRI" name="com.crm.PRACTICE.Dummy" tests="1" failures="0" timestamp="2022-03-06T22:00:03 IST" time="8.911" errors="0">
  <testcase name="dummy" time="8.911" classname="com.crm.PRACTICE.Dummy"/>
  <system-out/>
</testsuite> <!-- com.crm.PRACTICE.Dummy -->
