<?xml version="1.0" encoding="UTF-8"?>
<!-- Generated by org.testng.reporters.JUnitReportReporter -->
<testsuite skipped="3" hostname="DESKTOP-FGN9CRI" name="com.crm.PRACTICE.HandlingCalender" tests="4" failures="0" timestamp="2022-03-09T23:19:27 IST" time="0.031" errors="0">
  <testcase name="selectCurrentDate" time="0.031" classname="com.crm.PRACTICE.HandlingCalender"/>
  <system-out/>
  <testcase name="handleFutureMonths" classname="com.crm.PRACTICE.HandlingCalender">
    <skipped/>
  </testcase> <!-- handleFutureMonths -->
  <system-out/>
  <testcase name="handlingCalender" classname="com.crm.PRACTICE.HandlingCalender">
    <skipped/>
  </testcase> <!-- handlingCalender -->
  <system-out/>
  <testcase name="goibibo" classname="com.crm.PRACTICE.HandlingCalender">
    <skipped/>
  </testcase> <!-- goibibo -->
  <system-out/>
</testsuite> <!-- com.crm.PRACTICE.HandlingCalender -->
