<?xml version="1.0" encoding="UTF-8"?>
<!-- Generated by org.testng.reporters.JUnitReportReporter -->
<testsuite skipped="0" hostname="DESKTOP-FGN9CRI" name="com.crm.PRACTICE.POMPracticeForLogin" tests="1" failures="0" timestamp="2022-02-23T16:13:32 IST" time="18.220" errors="0">
  <testcase name="pomPractice" time="18.220" classname="com.crm.PRACTICE.POMPracticeForLogin"/>
  <system-out/>
</testsuite> <!-- com.crm.PRACTICE.POMPracticeForLogin -->
