<?xml version="1.0" encoding="UTF-8"?>
<!-- Generated by org.testng.reporters.JUnitReportReporter -->
<testsuite skipped="0" hostname="DESKTOP-FGN9CRI" name="com.crm.PRACTICE.ReadDataFromExcelSheetTest" tests="1" failures="0" timestamp="2022-02-17T16:39:26 IST" time="0.864" errors="0">
  <testcase name="readDataFromExcelSheet" time="0.864" classname="com.crm.PRACTICE.ReadDataFromExcelSheetTest"/>
  <system-out/>
</testsuite> <!-- com.crm.PRACTICE.ReadDataFromExcelSheetTest -->
