<?xml version="1.0" encoding="UTF-8"?>
<!-- Generated by org.testng.reporters.JUnitReportReporter -->
<testsuite skipped="0" hostname="DESKTOP-FGN9CRI" name="com.crm.PRACTICE.SampleJDBCExecuteUpdate" tests="1" failures="0" timestamp="2022-02-16T20:21:20 IST" time="0.039" errors="0">
  <testcase name="sampleJDBCExecuteQuery" time="0.039" classname="com.crm.PRACTICE.SampleJDBCExecuteUpdate"/>
  <system-out/>
</testsuite> <!-- com.crm.PRACTICE.SampleJDBCExecuteUpdate -->
