<?xml version="1.0" encoding="UTF-8"?>
<!-- Generated by org.testng.reporters.JUnitReportReporter -->
<testsuite skipped="0" hostname="DESKTOP-FGN9CRI" name="com.crm.PRACTICE.ReadDataFromSuiteXMLFileTest" tests="1" failures="0" timestamp="2022-03-06T22:35:16 IST" time="0.015" errors="0">
  <testcase name="readDataFromSuiteXMLFile" time="0.015" classname="com.crm.PRACTICE.ReadDataFromSuiteXMLFileTest"/>
  <system-out/>
</testsuite> <!-- com.crm.PRACTICE.ReadDataFromSuiteXMLFileTest -->
