<?xml version="1.0" encoding="UTF-8"?>
<!-- Generated by org.testng.reporters.JUnitReportReporter -->
<testsuite skipped="0" hostname="DESKTOP-FGN9CRI" name="com.crm.CampaignsTests.CreateCampaignWithProductTest" tests="1" failures="0" timestamp="2022-03-02T23:10:06 IST" time="29.671" errors="0">
  <testcase name="createCampaignWithProductTest" time="29.671" classname="com.crm.CampaignsTests.CreateCampaignWithProductTest"/>
  <system-out/>
</testsuite> <!-- com.crm.CampaignsTests.CreateCampaignWithProductTest -->
