<?xml version="1.0" encoding="UTF-8"?>
<!-- Generated by org.testng.reporters.JUnitReportReporter -->
<testsuite skipped="0" hostname="DESKTOP-FGN9CRI" name="com.crm.OrganizationTests.CreateOrganizationWithTypeAndIndustryTest" tests="1" failures="0" timestamp="2022-03-01T15:44:43 IST" time="22.192" errors="0">
  <testcase name="OrganizationWithTypeAndIndustryTest" time="22.192" classname="com.crm.OrganizationTests.CreateOrganizationWithTypeAndIndustryTest"/>
  <system-out/>
</testsuite> <!-- com.crm.OrganizationTests.CreateOrganizationWithTypeAndIndustryTest -->
