<?xml version="1.0" encoding="UTF-8"?>
<!-- Generated by org.testng.reporters.JUnitReportReporter -->
<testsuite skipped="3" hostname="DESKTOP-FGN9CRI" name="com.crm.PRACTICE.CheckAllCheckBox" tests="4" failures="0" timestamp="2022-03-08T23:54:29 IST" time="29.754" errors="0">
  <testcase name="checkOn5thAndDelete" time="29.754" classname="com.crm.PRACTICE.CheckAllCheckBox"/>
  <system-out/>
  <testcase name="printAllName" classname="com.crm.PRACTICE.CheckAllCheckBox">
    <skipped/>
  </testcase> <!-- printAllName -->
  <system-out/>
  <testcase name="checkAllCheckBox" classname="com.crm.PRACTICE.CheckAllCheckBox">
    <skipped/>
  </testcase> <!-- checkAllCheckBox -->
  <system-out/>
  <testcase name="checkLastCheckBox" classname="com.crm.PRACTICE.CheckAllCheckBox">
    <skipped/>
  </testcase> <!-- checkLastCheckBox -->
  <system-out/>
</testsuite> <!-- com.crm.PRACTICE.CheckAllCheckBox -->
