<?xml version="1.0" encoding="UTF-8"?>
<!-- Generated by org.testng.reporters.JUnitReportReporter -->
<testsuite skipped="0" hostname="DESKTOP-FGN9CRI" name="com.crm.OpportunitiesTests.CreateOpportunitySearchWithEndsWithTest" tests="1" failures="0" timestamp="2022-03-02T20:06:51 IST" time="41.637" errors="0">
  <testcase name="createOpportunityTest" time="41.637" classname="com.crm.OpportunitiesTests.CreateOpportunitySearchWithEndsWithTest"/>
  <system-out/>
</testsuite> <!-- com.crm.OpportunitiesTests.CreateOpportunitySearchWithEndsWithTest -->
