<?xml version="1.0" encoding="UTF-8"?>
<!-- Generated by org.testng.reporters.JUnitReportReporter -->
<testsuite skipped="0" hostname="DESKTOP-FGN9CRI" name="com.crm.OpportunitiesTests.CreateOpportunitySearchWithEqualsTest" tests="1" failures="0" timestamp="2022-03-02T20:09:45 IST" time="42.013" errors="0">
  <testcase name="createOpportunityTest" time="42.013" classname="com.crm.OpportunitiesTests.CreateOpportunitySearchWithEqualsTest"/>
  <system-out/>
</testsuite> <!-- com.crm.OpportunitiesTests.CreateOpportunitySearchWithEqualsTest -->
