<?xml version="1.0" encoding="UTF-8"?>
<!-- Generated by org.testng.reporters.JUnitReportReporter -->
<testsuite skipped="0" hostname="DESKTOP-FGN9CRI" name="com.crm.PRACTICE.PropertyFilePractice" tests="1" failures="0" timestamp="2022-02-16T20:21:20 IST" time="0.002" errors="0">
  <testcase name="propertyfile" time="0.002" classname="com.crm.PRACTICE.PropertyFilePractice"/>
  <system-out/>
</testsuite> <!-- com.crm.PRACTICE.PropertyFilePractice -->
