<?xml version="1.0" encoding="UTF-8"?>
<!-- Generated by org.testng.reporters.JUnitReportReporter -->
<testsuite skipped="0" hostname="DESKTOP-FGN9CRI" name="com.crm.PRACTICE.practiceForGenericUtils" tests="1" failures="0" timestamp="2022-02-21T13:37:35 IST" time="0.042" errors="0">
  <testcase name="practice" time="0.042" classname="com.crm.PRACTICE.practiceForGenericUtils"/>
  <system-out/>
</testsuite> <!-- com.crm.PRACTICE.practiceForGenericUtils -->
