<?xml version="1.0" encoding="UTF-8"?>
<!-- Generated by org.testng.reporters.JUnitReportReporter -->
<testsuite skipped="0" hostname="DESKTOP-FGN9CRI" name="com.crm.OpportunitiesTests.CreateOpportunityWithContactAndCampaignTest" tests="1" failures="0" timestamp="2022-02-23T00:11:37 IST" time="53.348" errors="0">
  <testcase name="createOpportunityWithContactAndCampaignTest" time="53.348" classname="com.crm.OpportunitiesTests.CreateOpportunityWithContactAndCampaignTest"/>
  <system-out/>
</testsuite> <!-- com.crm.OpportunitiesTests.CreateOpportunityWithContactAndCampaignTest -->
