<?xml version="1.0" encoding="UTF-8"?>
<!-- Generated by org.testng.reporters.JUnitReportReporter -->
<testsuite skipped="0" hostname="DESKTOP-FGN9CRI" name="com.crm.OpportunitiesTests.CreateOpportunityTest" tests="1" failures="0" timestamp="2022-02-20T22:17:32 IST" time="52.923" errors="0">
  <testcase name="createOpportunityTest" time="52.923" classname="com.crm.OpportunitiesTests.CreateOpportunityTest"/>
  <system-out/>
</testsuite> <!-- com.crm.OpportunitiesTests.CreateOpportunityTest -->
