<?xml version="1.0" encoding="UTF-8"?>
<!-- Generated by org.testng.reporters.JUnitReportReporter -->
<testsuite skipped="0" hostname="DESKTOP-FGN9CRI" name="com.crm.OrganizationTests.CreateOrgwithIndustryTypeTest" tests="1" failures="0" timestamp="2022-03-17T10:55:33 IST" time="29.553" errors="0">
  <testcase name="createOrgwithIndustryTypeTest" time="29.553" classname="com.crm.OrganizationTests.CreateOrgwithIndustryTypeTest"/>
  <system-out/>
</testsuite> <!-- com.crm.OrganizationTests.CreateOrgwithIndustryTypeTest -->
