<?xml version="1.0" encoding="UTF-8"?>
<!-- Generated by org.testng.reporters.JUnitReportReporter -->
<testsuite skipped="0" hostname="DESKTOP-FGN9CRI" name="com.crm.OpportunitiesTests.CreateOpportunitySearchWithContainsTest" tests="1" failures="0" timestamp="2022-03-02T19:58:39 IST" time="42.085" errors="0">
  <testcase name="createOpportunityTest" time="42.085" classname="com.crm.OpportunitiesTests.CreateOpportunitySearchWithContainsTest"/>
  <system-out/>
</testsuite> <!-- com.crm.OpportunitiesTests.CreateOpportunitySearchWithContainsTest -->
