<?xml version="1.0" encoding="UTF-8"?>
<!-- Generated by org.testng.reporters.JUnitReportReporter -->
<testsuite skipped="0" hostname="DESKTOP-FGN9CRI" name="com.crm.OpportunitiesTests.CreateOpportunitySearchWithNotEqualsTest" tests="1" failures="0" timestamp="2022-03-02T20:03:15 IST" time="41.271" errors="0">
  <testcase name="createOpportunityTest" time="41.271" classname="com.crm.OpportunitiesTests.CreateOpportunitySearchWithNotEqualsTest"/>
  <system-out/>
</testsuite> <!-- com.crm.OpportunitiesTests.CreateOpportunitySearchWithNotEqualsTest -->
